\BOOKMARK [0][-]{chapter.1}{\376\377\000I\000n\000t\000r\000o\000d\000u\000c\000t\000i\000o\000n}{}% 1
\BOOKMARK [1][-]{section.1.1}{\376\377\000B\000a\000c\000k\000g\000r\000o\000u\000n\000d\000\040\000\046\000\040\000M\000o\000t\000i\000v\000a\000t\000i\000o\000n}{chapter.1}% 2
\BOOKMARK [1][-]{section.1.2}{\376\377\000R\000e\000s\000e\000a\000r\000c\000h\000\040\000c\000o\000n\000t\000e\000x\000t}{chapter.1}% 3
\BOOKMARK [1][-]{section.1.3}{\376\377\000R\000e\000s\000e\000a\000r\000c\000h\000\040\000O\000b\000j\000e\000c\000t\000i\000v\000e}{chapter.1}% 4
\BOOKMARK [1][-]{section.1.4}{\376\377\000M\000e\000t\000h\000o\000d\000s\000\040\000O\000v\000e\000r\000v\000i\000e\000w}{chapter.1}% 5
\BOOKMARK [0][-]{chapter.2}{\376\377\000M\000a\000t\000e\000r\000i\000a\000l\000s\000\040\000a\000n\000d\000\040\000M\000e\000t\000h\000o\000d\000s}{}% 6
\BOOKMARK [1][-]{section.2.1}{\376\377\000P\000l\000a\000n\000t\000\040\000M\000a\000t\000e\000r\000i\000a\000l\000\040\000a\000n\000d\000\040\000S\000a\000m\000p\000l\000i\000n\000g}{chapter.2}% 7
\BOOKMARK [1][-]{section.2.2}{\376\377\000S\000e\000q\000u\000e\000n\000c\000i\000n\000g}{chapter.2}% 8
\BOOKMARK [1][-]{section.2.3}{\376\377\000V\000a\000r\000i\000a\000n\000t\000\040\000C\000a\000l\000l\000i\000n\000g\000\040\000a\000n\000d\000\040\000A\000n\000n\000o\000t\000a\000t\000i\000o\000n}{chapter.2}% 9
\BOOKMARK [1][-]{section.2.4}{\376\377\000D\000M\000R\000\040\000C\000a\000l\000l\000i\000n\000g\000\040\000a\000n\000d\000\040\000A\000n\000n\000o\000t\000a\000t\000i\000o\000n}{chapter.2}% 10
\BOOKMARK [1][-]{section.2.5}{\376\377\000C\000o\000-\000e\000x\000p\000r\000e\000s\000s\000i\000o\000n\000\040\000d\000a\000t\000a}{chapter.2}% 11
\BOOKMARK [0][-]{chapter.3}{\376\377\000R\000e\000s\000u\000l\000t\000s}{}% 12
\BOOKMARK [1][-]{section.3.1}{\376\377\000S\000e\000q\000u\000e\000n\000c\000i\000n\000g\000\040\000Q\000u\000a\000l\000i\000t\000y\000\040\000a\000n\000d\000\040\000R\000e\000a\000d\000\040\000D\000e\000p\000t\000h}{chapter.3}% 13
\BOOKMARK [1][-]{section.3.2}{\376\377\000V\000a\000r\000i\000a\000n\000t\000\040\000L\000a\000n\000d\000s\000c\000a\000p\000e}{chapter.3}% 14
\BOOKMARK [1][-]{section.3.3}{\376\377\000M\000e\000t\000h\000y\000l\000a\000t\000i\000o\000n\000\040\000L\000a\000n\000d\000s\000c\000a\000p\000e}{chapter.3}% 15
\BOOKMARK [1][-]{section.3.4}{\376\377\000P\000o\000s\000i\000t\000i\000v\000e\000\040\000c\000o\000n\000t\000r\000o\000l\000:\000\040\000D\000-\000g\000e\000n\000e}{chapter.3}% 16
\BOOKMARK [2][-]{subsection.3.4.1}{\376\377\000V\000a\000r\000i\000a\000n\000t\000\040\000a\000n\000a\000l\000y\000s\000i\000s}{section.3.4}% 17
\BOOKMARK [2][-]{subsection.3.4.2}{\376\377\000D\000i\000f\000f\000e\000r\000e\000n\000t\000i\000a\000l\000l\000y\000\040\000m\000e\000t\000h\000y\000l\000a\000t\000e\000d\000\040\000r\000e\000g\000i\000o\000n\000\040\000a\000n\000a\000l\000y\000s\000i\000s}{section.3.4}% 18
\BOOKMARK [2][-]{subsection.3.4.3}{\376\377\000E\000n\000r\000i\000c\000h\000m\000e\000n\000t\000\040\000t\000e\000s\000t}{section.3.4}% 19
\BOOKMARK [2][-]{subsection.3.4.4}{\376\377\000G\000e\000n\000e\000\040\000c\000o\000-\000e\000x\000p\000r\000e\000s\000s\000i\000o\000n\000\040\000a\000n\000a\000l\000y\000s\000i\000s}{section.3.4}% 20
\BOOKMARK [1][-]{section.3.5}{\376\377\000A\000c\000o\000n\000i\000t\000a\000t\000e\000\040\000I\000s\000o\000m\000e\000r\000a\000s\000e\000\040\000a\000n\000d\000\040\000T\000A\000A\000\040\000b\000i\000o\000s\000y\000n\000t\000h\000e\000s\000i\000s\000\040\000p\000a\000t\000h\000w\000a\000y\000\040\000g\000e\000n\000e\000s\000\040\000i\000d\000e\000n\000t\000i\000f\000i\000c\000a\000t\000i\000o\000n}{chapter.3}% 21
\BOOKMARK [2][-]{subsection.3.5.1}{\376\377\000V\000a\000r\000i\000a\000n\000t\000\040\000a\000n\000a\000l\000y\000s\000i\000s}{section.3.5}% 22
\BOOKMARK [2][-]{subsection.3.5.2}{\376\377\000D\000i\000f\000f\000e\000r\000e\000n\000t\000i\000a\000l\000l\000y\000\040\000m\000e\000t\000h\000y\000l\000a\000t\000e\000d\000\040\000r\000e\000g\000i\000o\000n\000\040\000a\000n\000a\000l\000y\000s\000i\000s}{section.3.5}% 23
\BOOKMARK [2][-]{subsection.3.5.3}{\376\377\000G\000e\000n\000e\000\040\000c\000o\000-\000e\000x\000p\000r\000e\000s\000s\000i\000o\000n\000\040\000a\000n\000a\000l\000y\000s\000i\000s}{section.3.5}% 24
\BOOKMARK [0][-]{chapter.4}{\376\377\000D\000i\000s\000c\000u\000s\000s\000i\000o\000n}{}% 25
\BOOKMARK [1][-]{section.4.1}{\376\377\000O\000b\000t\000a\000i\000n\000i\000n\000g\000\040\000D\000-\000g\000e\000n\000e\000\040\000u\000s\000i\000n\000g\000\040\000t\000h\000e\000\040\000p\000l\000a\000t\000f\000o\000r\000m}{chapter.4}% 26
\BOOKMARK [2][-]{subsection.4.1.1}{\376\377\000C\000a\000u\000s\000a\000t\000i\000v\000e\000\040\000g\000e\000n\000e\000\040\000c\000a\000n\000d\000i\000d\000a\000t\000e\000s\000\040\000l\000i\000s\000t\000\040\000f\000r\000o\000m\000\040\000v\000a\000r\000i\000a\000n\000t\000\040\000a\000n\000a\000l\000y\000s\000i\000s}{section.4.1}% 27
\BOOKMARK [2][-]{subsection.4.1.2}{\376\377\000C\000a\000u\000s\000a\000t\000i\000v\000e\000\040\000g\000e\000n\000e\000\040\000c\000a\000n\000d\000i\000d\000a\000t\000e\000s\000\040\000l\000i\000s\000t\000\040\000f\000r\000o\000m\000\040\000D\000M\000R\000\040\000a\000n\000a\000l\000y\000s\000i\000s}{section.4.1}% 28
\BOOKMARK [2][-]{subsection.4.1.3}{\376\377\000D\000-\000g\000e\000n\000e\000\040\000t\000r\000a\000n\000s\000c\000r\000i\000p\000t\000i\000o\000n\000\040\000f\000a\000c\000t\000o\000r\000\040\000f\000r\000o\000m\000\040\000t\000h\000e\000\040\000c\000o\000-\000e\000x\000p\000r\000e\000s\000s\000i\000o\000n\000\040\000a\000n\000a\000l\000y\000s\000i\000s}{section.4.1}% 29
\BOOKMARK [1][-]{section.4.2}{\376\377\000O\000b\000t\000a\000i\000n\000i\000n\000g\000\040\000a\000c\000o\000n\000i\000t\000a\000t\000e\000\040\000i\000s\000o\000m\000e\000r\000a\000s\000e\000\040\000u\000s\000i\000n\000g\000\040\000t\000h\000e\000\040\000p\000l\000a\000t\000f\000o\000r\000m}{chapter.4}% 30
\BOOKMARK [2][-]{subsection.4.2.1}{\376\377\000C\000a\000u\000s\000a\000t\000i\000v\000e\000\040\000g\000e\000n\000e\000\040\000c\000a\000n\000d\000i\000d\000a\000t\000e\000s\000\040\000l\000i\000s\000t}{section.4.2}% 31
\BOOKMARK [2][-]{subsection.4.2.2}{\376\377\000I\000d\000e\000n\000t\000i\000f\000i\000c\000a\000t\000i\000o\000n\000\040\000o\000f\000\040\000a\000c\000o\000n\000i\000t\000a\000t\000e\000\040\000i\000s\000o\000m\000e\000r\000a\000s\000e\000\040\000f\000r\000o\000m\000\040\000t\000h\000e\000\040\000c\000o\000-\000e\000x\000p\000r\000e\000s\000s\000i\000o\000n\000\040\000a\000n\000a\000l\000y\000s\000i\000s}{section.4.2}% 32
\BOOKMARK [0][-]{chapter.5}{\376\377\000C\000o\000n\000c\000l\000u\000s\000i\000o\000n}{}% 33
\BOOKMARK [0][-]{chapter.6}{\376\377\000A\000p\000p\000e\000n\000d\000i\000x}{}% 34
\BOOKMARK [1][-]{subsection.6.0.1}{\376\377\000R\000e\000a\000d\000\040\000D\000e\000p\000t\000h\000\040\000b\000y\000\040\000C\000h\000r\000o\000m\000o\000s\000o\000m\000a\000l\000\040\000P\000o\000s\000i\000t\000i\000o\000n}{chapter.6}% 35
\BOOKMARK [1][-]{section.6.1}{\376\377\000d\000P\000C\000D\000\040\000G\000e\000n\000e\000\040\000M\000o\000d\000u\000l\000e\000\040\000\050\000L\000i\000t\000e\000r\000a\000t\000u\000r\000e\000\040\000C\000u\000r\000a\000t\000i\000o\000n\000\051}{chapter.6}% 36
\BOOKMARK [1][-]{section.6.2}{\376\377\000C\000a\000n\000d\000i\000d\000a\000t\000e\000\040\000C\000a\000u\000s\000a\000t\000i\000v\000e\000\040\000G\000e\000n\000e\000\040\000R\000a\000n\000k\000i\000n\000g\000s}{chapter.6}% 37
